<?xml version="1.0" encoding="UTF-8"?>
<Site BuildName="Linux-g++-9"
	BuildStamp="20230810-0249-Experimental"
	Name="smita-Precision-3580"
	Generator="ctest-3.22.1"
	CompilerName="/usr/bin/g++-9"
	CompilerVersion="9.5.0"
	OSName="Linux"
	Hostname="smita-Precision-3580"
	OSRelease="6.1.0-1017-oem"
	OSVersion="#17-Ubuntu SMP PREEMPT_DYNAMIC Wed Jul 12 08:50:21 UTC 2023"
	OSPlatform="x86_64"
	Is64Bits="1"
	VendorString="GenuineIntel"
	VendorID="Intel Corporation"
	FamilyID="6"
	ModelID="186"
	ProcessorCacheSize="24576"
	NumberOfLogicalCPU="20"
	NumberOfPhysicalCPU="14"
	TotalVirtualMemory="2047"
	TotalPhysicalMemory="31776"
	LogicalProcessorsPerPhysical="1"
	ProcessorClockFrequency="894.337"
	>
	<Testing>
		<StartDateTime>Aug 10 11:15 BST</StartDateTime>
		<StartTestTime>1691662532</StartTestTime>
		<TestList/>
		<EndDateTime>Aug 10 11:15 BST</EndDateTime>
		<EndTestTime>1691662532</EndTestTime>
		<ElapsedMinutes>0</ElapsedMinutes>
	</Testing>
</Site>
