<?xml version="1.0" encoding="UTF-8"?>
<Site BuildName="Linux-g++-9"
	BuildStamp="20230720-1241-Experimental"
	Name="smita-Precision-3580"
	Generator="ctest-3.22.1"
	CompilerName="/usr/bin/g++-9"
	CompilerVersion="9.5.0"
	OSName="Linux"
	Hostname="smita-Precision-3580"
	OSRelease="6.1.0-1016-oem"
	OSVersion="#16-Ubuntu SMP PREEMPT_DYNAMIC Wed Jun 21 08:45:10 UTC 2023"
	OSPlatform="x86_64"
	Is64Bits="1"
	VendorString="GenuineIntel"
	VendorID="Intel Corporation"
	FamilyID="6"
	ModelID="186"
	ProcessorCacheSize="24576"
	NumberOfLogicalCPU="20"
	NumberOfPhysicalCPU="14"
	TotalVirtualMemory="2047"
	TotalPhysicalMemory="31776"
	LogicalProcessorsPerPhysical="1"
	ProcessorClockFrequency="2187.71"
	>
	<Testing>
		<StartDateTime>Jul 20 13:41 BST</StartDateTime>
		<StartTestTime>1689856903</StartTestTime>
		<TestList/>
		<EndDateTime>Jul 20 13:41 BST</EndDateTime>
		<EndTestTime>1689856903</EndTestTime>
		<ElapsedMinutes>0</ElapsedMinutes>
	</Testing>
</Site>
