<?xml version="1.0" encoding="UTF-8"?>
<Site BuildName="Linux-g++-9"
	BuildStamp="20230718-0907-Experimental"
	Name="smita-Precision-3580"
	Generator="ctest-3.22.1"
	CompilerName="/usr/bin/g++-9"
	CompilerVersion="9.5.0"
	OSName="Linux"
	Hostname="smita-Precision-3580"
	OSRelease="6.1.0-1015-oem"
	OSVersion="#15-Ubuntu SMP PREEMPT_DYNAMIC Fri Jun 16 09:51:49 UTC 2023"
	OSPlatform="x86_64"
	Is64Bits="1"
	VendorString="GenuineIntel"
	VendorID="Intel Corporation"
	FamilyID="6"
	ModelID="186"
	ProcessorCacheSize="24576"
	NumberOfLogicalCPU="20"
	NumberOfPhysicalCPU="14"
	TotalVirtualMemory="2047"
	TotalPhysicalMemory="31776"
	LogicalProcessorsPerPhysical="1"
	ProcessorClockFrequency="4251.65"
	>
	<Testing>
		<StartDateTime>Jul 18 22:38 BST</StartDateTime>
		<StartTestTime>1689716318</StartTestTime>
		<TestList/>
		<EndDateTime>Jul 18 22:38 BST</EndDateTime>
		<EndTestTime>1689716318</EndTestTime>
		<ElapsedMinutes>0</ElapsedMinutes>
	</Testing>
</Site>
